2018-08-05 13:08:35.739 INFO  157358166 --- [ Thread-3 ] o.s.b.w.s.c.AnnotationConfigServletWebServerApplicationContext - Closing org.springframework.boot.web.servlet.context.AnnotationConfigServletWebServerApplicationContext@515aebb0: startup date [Fri Aug 03 17:26:18 KST 2018]; root of context hierarchy
2018-08-05 13:08:35.849 INFO  157358276 --- [ Thread-3 ] o.s.c.s.DefaultLifecycleProcessor - Stopping beans in phase 2147483647
2018-08-05 13:08:35.857 INFO  157358284 --- [ Thread-3 ] o.s.j.e.a.AnnotationMBeanExporter - Unregistering JMX-exposed beans on shutdown
2018-08-05 13:08:35.864 INFO  157358291 --- [ Thread-3 ] o.s.j.e.a.AnnotationMBeanExporter - Unregistering JMX-exposed beans
2018-08-05 13:08:35.897 INFO  157358324 --- [ Thread-3 ] o.s.o.j.LocalContainerEntityManagerFactoryBean - Closing JPA EntityManagerFactory for persistence unit 'default'
2018-08-05 13:08:35.910 INFO  157358337 --- [ Thread-3 ] o.h.t.s.i.SchemaDropperImpl$DelayedDropActionImpl - HHH000477: Starting delayed drop of schema as part of SessionFactory shut-down'
2018-08-05 13:08:35.942 INFO  157358369 --- [ Thread-3 ] com.zaxxer.hikari.HikariDataSource - HikariPool-1 - Shutdown initiated...
2018-08-05 13:08:35.951 INFO  157358378 --- [ Thread-3 ] com.zaxxer.hikari.HikariDataSource - HikariPool-1 - Shutdown completed.
2018-08-05 13:08:59.178 INFO  20925 --- [ main ] codesquad.BaeminchanApplication - Starting BaeminchanApplication on woowatechcamp6.local with PID 49647 (/Users/woowatechcamp_6/Documents/day1/baeminchan/out/production/classes started by woowatechcamp_6 in /Users/woowatechcamp_6/Documents/day1/baeminchan)
2018-08-05 13:08:59.195 INFO  20942 --- [ main ] codesquad.BaeminchanApplication - The following profiles are active: dev
2018-08-05 13:08:59.290 INFO  21037 --- [ main ] o.s.b.w.s.c.AnnotationConfigServletWebServerApplicationContext - Refreshing org.springframework.boot.web.servlet.context.AnnotationConfigServletWebServerApplicationContext@16293aa2: startup date [Sun Aug 05 13:08:59 KST 2018]; root of context hierarchy
2018-08-05 13:09:01.148 INFO  22895 --- [ main ] o.s.c.s.PostProcessorRegistrationDelegate$BeanPostProcessorChecker - Bean 'org.springframework.transaction.annotation.ProxyTransactionManagementConfiguration' of type [org.springframework.transaction.annotation.ProxyTransactionManagementConfiguration$$EnhancerBySpringCGLIB$$6cc67213] is not eligible for getting processed by all BeanPostProcessors (for example: not eligible for auto-proxying)
2018-08-05 13:09:01.203 INFO  22950 --- [ main ] o.s.c.s.PostProcessorRegistrationDelegate$BeanPostProcessorChecker - Bean 'pl.allegro.tech.boot.autoconfigure.handlebars.HandlebarsHelpersAutoConfiguration' of type [pl.allegro.tech.boot.autoconfigure.handlebars.HandlebarsHelpersAutoConfiguration$$EnhancerBySpringCGLIB$$eb8f91ed] is not eligible for getting processed by all BeanPostProcessors (for example: not eligible for auto-proxying)
2018-08-05 13:09:01.219 INFO  22966 --- [ main ] o.s.c.s.PostProcessorRegistrationDelegate$BeanPostProcessorChecker - Bean 'org.springframework.boot.context.properties.ConversionServiceDeducer$Factory' of type [org.springframework.boot.context.properties.ConversionServiceDeducer$Factory] is not eligible for getting processed by all BeanPostProcessors (for example: not eligible for auto-proxying)
2018-08-05 13:09:01.222 INFO  22969 --- [ main ] o.s.c.s.PostProcessorRegistrationDelegate$BeanPostProcessorChecker - Bean 'handlebars.resolver-pl.allegro.tech.boot.autoconfigure.handlebars.HandlebarsValueResolversProperties' of type [pl.allegro.tech.boot.autoconfigure.handlebars.HandlebarsValueResolversProperties] is not eligible for getting processed by all BeanPostProcessors (for example: not eligible for auto-proxying)
2018-08-05 13:09:01.238 INFO  22985 --- [ main ] o.s.c.s.PostProcessorRegistrationDelegate$BeanPostProcessorChecker - Bean 'handlebars-pl.allegro.tech.boot.autoconfigure.handlebars.HandlebarsProperties' of type [pl.allegro.tech.boot.autoconfigure.handlebars.HandlebarsProperties] is not eligible for getting processed by all BeanPostProcessors (for example: not eligible for auto-proxying)
2018-08-05 13:09:01.240 INFO  22987 --- [ main ] o.s.c.s.PostProcessorRegistrationDelegate$BeanPostProcessorChecker - Bean 'pl.allegro.tech.boot.autoconfigure.handlebars.HandlebarsAutoConfiguration$HandlebarsViewResolverConfiguration' of type [pl.allegro.tech.boot.autoconfigure.handlebars.HandlebarsAutoConfiguration$HandlebarsViewResolverConfiguration$$EnhancerBySpringCGLIB$$fe76bc8b] is not eligible for getting processed by all BeanPostProcessors (for example: not eligible for auto-proxying)
2018-08-05 13:09:01.384 INFO  23131 --- [ main ] o.s.c.s.PostProcessorRegistrationDelegate$BeanPostProcessorChecker - Bean 'handlebarsViewResolver' of type [com.github.jknack.handlebars.springmvc.HandlebarsViewResolver] is not eligible for getting processed by all BeanPostProcessors (for example: not eligible for auto-proxying)
2018-08-05 13:09:01.830 INFO  23577 --- [ main ] o.s.b.w.e.tomcat.TomcatWebServer - Tomcat initialized with port(s): 8080 (http)
2018-08-05 13:09:01.848 INFO  23595 --- [ main ] o.a.coyote.http11.Http11NioProtocol - Initializing ProtocolHandler ["http-nio-8080"]
2018-08-05 13:09:01.859 INFO  23606 --- [ main ] o.a.catalina.core.StandardService - Starting service [Tomcat]
2018-08-05 13:09:01.860 INFO  23607 --- [ main ] o.a.catalina.core.StandardEngine - Starting Servlet Engine: Apache Tomcat/8.5.31
2018-08-05 13:09:01.871 INFO  23618 --- [ localhost-startStop-1 ] o.a.c.core.AprLifecycleListener - The APR based Apache Tomcat Native library which allows optimal performance in production environments was not found on the java.library.path: [/Users/woowatechcamp_6/Library/Java/Extensions:/Library/Java/Extensions:/Network/Library/Java/Extensions:/System/Library/Java/Extensions:/usr/lib/java:.]
2018-08-05 13:09:01.993 INFO  23740 --- [ localhost-startStop-1 ] o.a.c.c.C.[Tomcat].[localhost].[/] - Initializing Spring embedded WebApplicationContext
2018-08-05 13:09:01.994 INFO  23741 --- [ localhost-startStop-1 ] o.s.web.context.ContextLoader - Root WebApplicationContext: initialization completed in 2705 ms
2018-08-05 13:09:02.142 INFO  23889 --- [ localhost-startStop-1 ] o.s.b.w.s.ServletRegistrationBean - Servlet dispatcherServlet mapped to [/]
2018-08-05 13:09:02.143 INFO  23890 --- [ localhost-startStop-1 ] o.s.b.w.s.ServletRegistrationBean - Servlet webServlet mapped to [/h2-console/*]
2018-08-05 13:09:02.146 INFO  23893 --- [ localhost-startStop-1 ] o.s.b.w.s.FilterRegistrationBean - Mapping filter: 'characterEncodingFilter' to: [/*]
2018-08-05 13:09:02.147 INFO  23894 --- [ localhost-startStop-1 ] o.s.b.w.s.FilterRegistrationBean - Mapping filter: 'hiddenHttpMethodFilter' to: [/*]
2018-08-05 13:09:02.147 INFO  23894 --- [ localhost-startStop-1 ] o.s.b.w.s.FilterRegistrationBean - Mapping filter: 'httpPutFormContentFilter' to: [/*]
2018-08-05 13:09:02.147 INFO  23894 --- [ localhost-startStop-1 ] o.s.b.w.s.FilterRegistrationBean - Mapping filter: 'requestContextFilter' to: [/*]
2018-08-05 13:09:02.192 INFO  23939 --- [ main ] n.r.s.b.l.a.LogbackAccessContext - Configured the Logback-access: context=[default], config=[classpath:net/rakugakibox/spring/boot/logback/access/logback-access-spring.xml]
2018-08-05 13:09:02.384 INFO  24131 --- [ main ] com.zaxxer.hikari.HikariDataSource - HikariPool-1 - Starting...
2018-08-05 13:09:02.677 INFO  24424 --- [ main ] com.zaxxer.hikari.HikariDataSource - HikariPool-1 - Start completed.
2018-08-05 13:09:02.801 INFO  24548 --- [ main ] o.s.o.j.LocalContainerEntityManagerFactoryBean - Building JPA container EntityManagerFactory for persistence unit 'default'
2018-08-05 13:09:02.849 INFO  24596 --- [ main ] o.h.jpa.internal.util.LogHelper - HHH000204: Processing PersistenceUnitInfo [
	name: default
	...]
2018-08-05 13:09:02.979 INFO  24726 --- [ main ] org.hibernate.Version - HHH000412: Hibernate Core {5.2.17.Final}
2018-08-05 13:09:02.980 INFO  24727 --- [ main ] org.hibernate.cfg.Environment - HHH000206: hibernate.properties not found
2018-08-05 13:09:03.031 INFO  24778 --- [ main ] o.h.annotations.common.Version - HCANN000001: Hibernate Commons Annotations {5.0.1.Final}
2018-08-05 13:09:03.212 INFO  24959 --- [ main ] org.hibernate.dialect.Dialect - HHH000400: Using dialect: org.hibernate.dialect.H2Dialect
2018-08-05 13:09:04.023 INFO  25770 --- [ main ] o.h.t.s.internal.SchemaCreatorImpl - HHH000476: Executing import script 'ScriptSourceInputFromUrl(file:/Users/woowatechcamp_6/Documents/day1/baeminchan/out/production/resources/import.sql)'
2018-08-05 13:09:04.062 INFO  25809 --- [ main ] o.s.o.j.LocalContainerEntityManagerFactoryBean - Initialized JPA EntityManagerFactory for persistence unit 'default'
2018-08-05 13:09:05.175 INFO  26922 --- [ main ] o.s.w.s.m.m.a.RequestMappingHandlerMapping - Mapped "{[/api/admin/category],methods=[POST]}" onto public codesquad.util.CustomResponse<codesquad.domain.category.Category> codesquad.controller.ApiAdminController.createCategory(codesquad.dto.user.UserSessionDto,codesquad.dto.category.CategoryDto)
2018-08-05 13:09:05.176 INFO  26923 --- [ main ] o.s.w.s.m.m.a.RequestMappingHandlerMapping - Mapped "{[/api/admin/category/{cid}],methods=[DELETE]}" onto public codesquad.util.CustomResponse<codesquad.domain.category.Category> codesquad.controller.ApiAdminController.deleteCategory(codesquad.dto.user.UserSessionDto,long)
2018-08-05 13:09:05.176 INFO  26923 --- [ main ] o.s.w.s.m.m.a.RequestMappingHandlerMapping - Mapped "{[/api/admin/category],methods=[PUT]}" onto public codesquad.util.CustomResponse<codesquad.domain.category.Category> codesquad.controller.ApiAdminController.updateCategory(codesquad.dto.user.UserSessionDto,codesquad.dto.category.CategoryDto)
2018-08-05 13:09:05.178 INFO  26925 --- [ main ] o.s.w.s.m.m.a.RequestMappingHandlerMapping - Mapped "{[/api/category],methods=[GET]}" onto public codesquad.util.CustomResponse<java.util.List<codesquad.domain.category.Category>> codesquad.controller.ApiCategoryController.getCategoryList()
2018-08-05 13:09:05.179 INFO  26926 --- [ main ] o.s.w.s.m.m.a.RequestMappingHandlerMapping - Mapped "{[/api/users],methods=[POST]}" onto public org.springframework.http.ResponseEntity<codesquad.domain.user.NormalUser> codesquad.controller.ApiUserController.create(codesquad.dto.user.JoinUserDto,javax.servlet.http.HttpSession)
2018-08-05 13:09:05.180 INFO  26927 --- [ main ] o.s.w.s.m.m.a.RequestMappingHandlerMapping - Mapped "{[/api/users/login],methods=[POST]}" onto public org.springframework.http.ResponseEntity<codesquad.domain.user.NormalUser> codesquad.controller.ApiUserController.login(javax.servlet.http.HttpSession,codesquad.dto.user.LoginUserDto)
2018-08-05 13:09:05.180 INFO  26927 --- [ main ] o.s.w.s.m.m.a.RequestMappingHandlerMapping - Mapped "{[/api/users/logout],methods=[GET]}" onto public org.springframework.http.ResponseEntity<codesquad.domain.user.NormalUser> codesquad.controller.ApiUserController.logout(javax.servlet.http.HttpSession,codesquad.dto.user.LoginUserDto)
2018-08-05 13:09:05.181 INFO  26928 --- [ main ] o.s.w.s.m.m.a.RequestMappingHandlerMapping - Mapped "{[],methods=[GET]}" onto public java.lang.String codesquad.controller.HomeController.home(org.springframework.ui.Model)
2018-08-05 13:09:05.182 INFO  26929 --- [ main ] o.s.w.s.m.m.a.RequestMappingHandlerMapping - Mapped "{[/v2/api-docs],methods=[GET],produces=[application/json || application/hal+json]}" onto public org.springframework.http.ResponseEntity<springfox.documentation.spring.web.json.Json> springfox.documentation.swagger2.web.Swagger2Controller.getDocumentation(java.lang.String,javax.servlet.http.HttpServletRequest)
2018-08-05 13:09:05.185 INFO  26932 --- [ main ] o.s.w.s.m.m.a.RequestMappingHandlerMapping - Mapped "{[/swagger-resources/configuration/security]}" onto org.springframework.http.ResponseEntity<springfox.documentation.swagger.web.SecurityConfiguration> springfox.documentation.swagger.web.ApiResourceController.securityConfiguration()
2018-08-05 13:09:05.186 INFO  26933 --- [ main ] o.s.w.s.m.m.a.RequestMappingHandlerMapping - Mapped "{[/swagger-resources/configuration/ui]}" onto org.springframework.http.ResponseEntity<springfox.documentation.swagger.web.UiConfiguration> springfox.documentation.swagger.web.ApiResourceController.uiConfiguration()
2018-08-05 13:09:05.187 INFO  26934 --- [ main ] o.s.w.s.m.m.a.RequestMappingHandlerMapping - Mapped "{[/swagger-resources]}" onto org.springframework.http.ResponseEntity<java.util.List<springfox.documentation.swagger.web.SwaggerResource>> springfox.documentation.swagger.web.ApiResourceController.swaggerResources()
2018-08-05 13:09:05.189 INFO  26936 --- [ main ] o.s.w.s.m.m.a.RequestMappingHandlerMapping - Mapped "{[/error]}" onto public org.springframework.http.ResponseEntity<java.util.Map<java.lang.String, java.lang.Object>> org.springframework.boot.autoconfigure.web.servlet.error.BasicErrorController.error(javax.servlet.http.HttpServletRequest)
2018-08-05 13:09:05.190 INFO  26937 --- [ main ] o.s.w.s.m.m.a.RequestMappingHandlerMapping - Mapped "{[/error],produces=[text/html]}" onto public org.springframework.web.servlet.ModelAndView org.springframework.boot.autoconfigure.web.servlet.error.BasicErrorController.errorHtml(javax.servlet.http.HttpServletRequest,javax.servlet.http.HttpServletResponse)
2018-08-05 13:09:05.644 INFO  27391 --- [ main ] o.s.w.s.h.SimpleUrlHandlerMapping - Mapped URL path [/**/favicon.ico] onto handler of type [class org.springframework.web.servlet.resource.ResourceHttpRequestHandler]
2018-08-05 13:09:05.817 INFO  27564 --- [ main ] o.s.w.s.m.m.a.RequestMappingHandlerAdapter - Looking for @ControllerAdvice: org.springframework.boot.web.servlet.context.AnnotationConfigServletWebServerApplicationContext@16293aa2: startup date [Sun Aug 05 13:08:59 KST 2018]; root of context hierarchy
2018-08-05 13:09:05.883 INFO  27630 --- [ main ] o.s.w.s.h.SimpleUrlHandlerMapping - Mapped URL path [/webjars/**] onto handler of type [class org.springframework.web.servlet.resource.ResourceHttpRequestHandler]
2018-08-05 13:09:05.883 INFO  27630 --- [ main ] o.s.w.s.h.SimpleUrlHandlerMapping - Mapped URL path [/**] onto handler of type [class org.springframework.web.servlet.resource.ResourceHttpRequestHandler]
2018-08-05 13:09:05.898 INFO  27645 --- [ main ] o.s.w.s.m.m.a.ExceptionHandlerExceptionResolver - Detected @ExceptionHandler methods in apiExceptionController
2018-08-05 13:09:05.898 INFO  27645 --- [ main ] o.s.w.s.m.m.a.ExceptionHandlerExceptionResolver - Detected @ExceptionHandler methods in exceptionController
2018-08-05 13:09:05.898 INFO  27645 --- [ main ] o.s.w.s.m.m.a.ExceptionHandlerExceptionResolver - Detected @ExceptionHandler methods in validationExceptionControllerAdvice
2018-08-05 13:09:05.925 INFO  27672 --- [ main ] o.s.b.a.w.s.WelcomePageHandlerMapping - Adding welcome page template: index
2018-08-05 13:09:06.148 INFO  27895 --- [ main ] o.s.j.e.a.AnnotationMBeanExporter - Registering beans for JMX exposure on startup
2018-08-05 13:09:06.154 INFO  27901 --- [ main ] o.s.j.e.a.AnnotationMBeanExporter - Bean with name 'dataSource' has been autodetected for JMX exposure
2018-08-05 13:09:06.164 INFO  27911 --- [ main ] o.s.j.e.a.AnnotationMBeanExporter - Located MBean 'dataSource': registering with JMX server as MBean [com.zaxxer.hikari:name=dataSource,type=HikariDataSource]
2018-08-05 13:09:06.170 INFO  27917 --- [ main ] o.s.c.s.DefaultLifecycleProcessor - Starting beans in phase 2147483647
2018-08-05 13:09:06.171 INFO  27918 --- [ main ] s.d.s.w.p.DocumentationPluginsBootstrapper - Context refreshed
2018-08-05 13:09:06.201 INFO  27948 --- [ main ] s.d.s.w.p.DocumentationPluginsBootstrapper - Found 1 custom documentation plugin(s)
2018-08-05 13:09:06.212 INFO  27959 --- [ main ] s.d.s.w.s.ApiListingReferenceScanner - Scanning for api listing references
2018-08-05 13:09:06.467 INFO  28214 --- [ main ] o.a.coyote.http11.Http11NioProtocol - Starting ProtocolHandler ["http-nio-8080"]
2018-08-05 13:09:06.493 INFO  28240 --- [ main ] o.a.tomcat.util.net.NioSelectorPool - Using a shared selector for servlet write/read
2018-08-05 13:09:06.506 INFO  28253 --- [ main ] o.s.b.w.e.tomcat.TomcatWebServer - Tomcat started on port(s): 8080 (http) with context path ''
2018-08-05 13:09:06.509 INFO  28256 --- [ main ] codesquad.BaeminchanApplication - Started BaeminchanApplication in 27.809 seconds (JVM running for 28.774)
2018-08-05 13:09:10.266 INFO  32013 --- [ http-nio-8080-exec-1 ] o.a.c.c.C.[Tomcat].[localhost].[/] - Initializing Spring FrameworkServlet 'dispatcherServlet'
2018-08-05 13:09:10.267 INFO  32014 --- [ http-nio-8080-exec-1 ] o.s.web.servlet.DispatcherServlet - FrameworkServlet 'dispatcherServlet': initialization started
2018-08-05 13:09:10.286 INFO  32033 --- [ http-nio-8080-exec-1 ] o.s.web.servlet.DispatcherServlet - FrameworkServlet 'dispatcherServlet': initialization completed in 19 ms
2018-08-05 13:09:10.349 INFO  32096 --- [ http-nio-8080-exec-1 ] o.h.h.i.QueryTranslatorFactoryInitiator - HHH000397: Using ASTQueryTranslatorFactory
2018-08-05 13:09:48.412 INFO  70159 --- [ Thread-3 ] o.s.b.w.s.c.AnnotationConfigServletWebServerApplicationContext - Closing org.springframework.boot.web.servlet.context.AnnotationConfigServletWebServerApplicationContext@16293aa2: startup date [Sun Aug 05 13:08:59 KST 2018]; root of context hierarchy
2018-08-05 13:09:48.415 INFO  70162 --- [ Thread-3 ] o.s.c.s.DefaultLifecycleProcessor - Stopping beans in phase 2147483647
2018-08-05 13:09:48.416 INFO  70163 --- [ Thread-3 ] o.s.j.e.a.AnnotationMBeanExporter - Unregistering JMX-exposed beans on shutdown
2018-08-05 13:09:48.417 INFO  70164 --- [ Thread-3 ] o.s.j.e.a.AnnotationMBeanExporter - Unregistering JMX-exposed beans
2018-08-05 13:09:48.421 INFO  70168 --- [ Thread-3 ] o.s.o.j.LocalContainerEntityManagerFactoryBean - Closing JPA EntityManagerFactory for persistence unit 'default'
2018-08-05 13:09:48.421 INFO  70168 --- [ Thread-3 ] o.h.t.s.i.SchemaDropperImpl$DelayedDropActionImpl - HHH000477: Starting delayed drop of schema as part of SessionFactory shut-down'
2018-08-05 13:09:48.431 INFO  70178 --- [ Thread-3 ] com.zaxxer.hikari.HikariDataSource - HikariPool-1 - Shutdown initiated...
2018-08-05 13:09:48.435 INFO  70182 --- [ Thread-3 ] com.zaxxer.hikari.HikariDataSource - HikariPool-1 - Shutdown completed.
